[DEBUG] ----------------------
[DEBUG] │      [][][][]      │
[DEBUG] │                    │
[DEBUG] │                    │
[DEBUG] │                    │
[DEBUG] │                    │
[DEBUG] │                    │
[DEBUG] │                    │
[DEBUG] │                    │
[DEBUG] │                    │
[DEBUG] │                    │
[DEBUG] │                    │
[DEBUG] │                    │
[DEBUG] │                    │
[DEBUG] │                    │
[DEBUG] │                    │
[DEBUG] │                    │
[DEBUG] │                    │
[DEBUG] │                    │
[DEBUG] │                    │
[DEBUG] │                    │
[DEBUG] ----------------------
[DEBUG] [ ] Informations spawn:
[DEBUG]     - shape
[][][][]
[DEBUG]     - next shape
[][]
[][]
[DEBUG] [ ] Informations sur le bloc :
[DEBUG]     - pos          x : 7 - y : 1)
[DEBUG]     - bloc id      0
[DEBUG]     - next bloc id 3
[DEBUG]     - shape
[][][][]
[DEBUG] Suppression de la ligne (1) - │      [][][][]      │
[DEBUG]     On veux supprimer  : [][][][]
[DEBUG]     On le remplace par : '        '
[DEBUG]     A la position x : 7 - y : 1
[DEBUG] Ajout de [][][][] à la ligne (2) - │                    │
[DEBUG] API tetris:
[DEBUG] next
[][]
[][]
[DEBUG] ----------------------
[DEBUG] │                    │
[DEBUG] │      [][][][]      │
[DEBUG] │                    │
[DEBUG] │                    │
[DEBUG] │                    │
[DEBUG] │                    │
[DEBUG] │                    │
[DEBUG] │                    │
[DEBUG] │                    │
[DEBUG] │                    │
[DEBUG] │                    │
[DEBUG] │                    │
[DEBUG] │                    │
[DEBUG] │                    │
[DEBUG] │                    │
[DEBUG] │                    │
[DEBUG] │                    │
[DEBUG] │                    │
[DEBUG] │                    │
[DEBUG] │                    │
[DEBUG] ----------------------

[DEBUG] [ ] Informations sur le bloc :
[DEBUG]     - pos          x : 7 - y : 2)
[DEBUG]     - bloc id      0
[DEBUG]     - next bloc id 3
[DEBUG]     - shape
[][][][]
[DEBUG] Suppression de la ligne (2) - │      [][][][]      │
[DEBUG]     On veux supprimer  : [][][][]
[DEBUG]     On le remplace par : '        '
[DEBUG]     A la position x : 7 - y : 2
[DEBUG] Ajout de [][][][] à la ligne (3) - │                    │
[DEBUG] API tetris:
[DEBUG] next
[][]
[][]
[DEBUG] ----------------------
[DEBUG] │                    │
[DEBUG] │                    │
[DEBUG] │      [][][][]      │
[DEBUG] │                    │
[DEBUG] │                    │
[DEBUG] │                    │
[DEBUG] │                    │
[DEBUG] │                    │
[DEBUG] │                    │
[DEBUG] │                    │
[DEBUG] │                    │
[DEBUG] │                    │
[DEBUG] │                    │
[DEBUG] │                    │
[DEBUG] │                    │
[DEBUG] │                    │
[DEBUG] │                    │
[DEBUG] │                    │
[DEBUG] │                    │
[DEBUG] │                    │
[DEBUG] ----------------------

[DEBUG] [ ] Informations sur le bloc :
[DEBUG]     - pos          x : 7 - y : 3)
[DEBUG]     - bloc id      0
[DEBUG]     - next bloc id 3
[DEBUG]     - shape
[][][][]
[DEBUG] Suppression de la ligne (3) - │      [][][][]      │
[DEBUG]     On veux supprimer  : [][][][]
[DEBUG]     On le remplace par : '        '
[DEBUG]     A la position x : 7 - y : 3
[DEBUG] Ajout de [][][][] à la ligne (4) - │                    │
[DEBUG] API tetris:
[DEBUG] next
[][]
[][]
[DEBUG] ----------------------
[DEBUG] │                    │
[DEBUG] │                    │
[DEBUG] │                    │
[DEBUG] │      [][][][]      │
[DEBUG] │                    │
[DEBUG] │                    │
[DEBUG] │                    │
[DEBUG] │                    │
[DEBUG] │                    │
[DEBUG] │                    │
[DEBUG] │                    │
[DEBUG] │                    │
[DEBUG] │                    │
[DEBUG] │                    │
[DEBUG] │                    │
[DEBUG] │                    │
[DEBUG] │                    │
[DEBUG] │                    │
[DEBUG] │                    │
[DEBUG] │                    │
[DEBUG] ----------------------

[DEBUG] [ ] Informations sur le bloc :
[DEBUG]     - pos          x : 7 - y : 4)
[DEBUG]     - bloc id      0
[DEBUG]     - next bloc id 3
[DEBUG]     - shape
[][][][]
[DEBUG] Suppression de la ligne (4) - │      [][][][]      │
[DEBUG]     On veux supprimer  : [][][][]
[DEBUG]     On le remplace par : '        '
[DEBUG]     A la position x : 7 - y : 4
[DEBUG] Ajout de [][][][] à la ligne (5) - │                    │
[DEBUG] API tetris:
[DEBUG] next
[][]
[][]
[DEBUG] ----------------------
[DEBUG] │                    │
[DEBUG] │                    │
[DEBUG] │                    │
[DEBUG] │                    │
[DEBUG] │      [][][][]      │
[DEBUG] │                    │
[DEBUG] │                    │
[DEBUG] │                    │
[DEBUG] │                    │
[DEBUG] │                    │
[DEBUG] │                    │
[DEBUG] │                    │
[DEBUG] │                    │
[DEBUG] │                    │
[DEBUG] │                    │
[DEBUG] │                    │
[DEBUG] │                    │
[DEBUG] │                    │
[DEBUG] │                    │
[DEBUG] │                    │
[DEBUG] ----------------------

[DEBUG] [ ] Informations sur le bloc :
[DEBUG]     - pos          x : 7 - y : 5)
[DEBUG]     - bloc id      0
[DEBUG]     - next bloc id 3
[DEBUG]     - shape
[][][][]
[DEBUG] Suppression de la ligne (5) - │      [][][][]      │
[DEBUG]     On veux supprimer  : [][][][]
[DEBUG]     On le remplace par : '        '
[DEBUG]     A la position x : 7 - y : 5
[DEBUG] Ajout de [][][][] à la ligne (6) - │                    │
[DEBUG] API tetris:
[DEBUG] next
[][]
[][]
[DEBUG] ----------------------
[DEBUG] │                    │
[DEBUG] │                    │
[DEBUG] │                    │
[DEBUG] │                    │
[DEBUG] │                    │
[DEBUG] │      [][][][]      │
[DEBUG] │                    │
[DEBUG] │                    │
[DEBUG] │                    │
[DEBUG] │                    │
[DEBUG] │                    │
[DEBUG] │                    │
[DEBUG] │                    │
[DEBUG] │                    │
[DEBUG] │                    │
[DEBUG] │                    │
[DEBUG] │                    │
[DEBUG] │                    │
[DEBUG] │                    │
[DEBUG] │                    │
[DEBUG] ----------------------

[DEBUG] [ ] Informations sur le bloc :
[DEBUG]     - pos          x : 7 - y : 6)
[DEBUG]     - bloc id      0
[DEBUG]     - next bloc id 3
[DEBUG]     - shape
[][][][]
[DEBUG] Suppression de la ligne (6) - │      [][][][]      │
[DEBUG]     On veux supprimer  : [][][][]
[DEBUG]     On le remplace par : '        '
[DEBUG]     A la position x : 7 - y : 6
[DEBUG] Ajout de [][][][] à la ligne (7) - │                    │
[DEBUG] API tetris:
[DEBUG] next
[][]
[][]
[DEBUG] ----------------------
[DEBUG] │                    │
[DEBUG] │                    │
[DEBUG] │                    │
[DEBUG] │                    │
[DEBUG] │                    │
[DEBUG] │                    │
[DEBUG] │      [][][][]      │
[DEBUG] │                    │
[DEBUG] │                    │
[DEBUG] │                    │
[DEBUG] │                    │
[DEBUG] │                    │
[DEBUG] │                    │
[DEBUG] │                    │
[DEBUG] │                    │
[DEBUG] │                    │
[DEBUG] │                    │
[DEBUG] │                    │
[DEBUG] │                    │
[DEBUG] │                    │
[DEBUG] ----------------------

[DEBUG] [ ] Informations sur le bloc :
[DEBUG]     - pos          x : 7 - y : 7)
[DEBUG]     - bloc id      0
[DEBUG]     - next bloc id 3
[DEBUG]     - shape
[][][][]
[DEBUG] Suppression de la ligne (7) - │      [][][][]      │
[DEBUG]     On veux supprimer  : [][][][]
[DEBUG]     On le remplace par : '        '
[DEBUG]     A la position x : 7 - y : 7
[DEBUG] Ajout de [][][][] à la ligne (8) - │                    │
[DEBUG] API tetris:
[DEBUG] next
[][]
[][]
[DEBUG] ----------------------
[DEBUG] │                    │
[DEBUG] │                    │
[DEBUG] │                    │
[DEBUG] │                    │
[DEBUG] │                    │
[DEBUG] │                    │
[DEBUG] │                    │
[DEBUG] │      [][][][]      │
[DEBUG] │                    │
[DEBUG] │                    │
[DEBUG] │                    │
[DEBUG] │                    │
[DEBUG] │                    │
[DEBUG] │                    │
[DEBUG] │                    │
[DEBUG] │                    │
[DEBUG] │                    │
[DEBUG] │                    │
[DEBUG] │                    │
[DEBUG] │                    │
[DEBUG] ----------------------

[DEBUG] [ ] Informations sur le bloc :
[DEBUG]     - pos          x : 7 - y : 8)
[DEBUG]     - bloc id      0
[DEBUG]     - next bloc id 3
[DEBUG]     - shape
[][][][]
[DEBUG] Suppression de la ligne (8) - │      [][][][]      │
[DEBUG]     On veux supprimer  : [][][][]
[DEBUG]     On le remplace par : '        '
[DEBUG]     A la position x : 7 - y : 8
[DEBUG] Ajout de [][][][] à la ligne (9) - │                    │
[DEBUG] API tetris:
[DEBUG] next
[][]
[][]
[DEBUG] ----------------------
[DEBUG] │                    │
[DEBUG] │                    │
[DEBUG] │                    │
[DEBUG] │                    │
[DEBUG] │                    │
[DEBUG] │                    │
[DEBUG] │                    │
[DEBUG] │                    │
[DEBUG] │      [][][][]      │
[DEBUG] │                    │
[DEBUG] │                    │
[DEBUG] │                    │
[DEBUG] │                    │
[DEBUG] │                    │
[DEBUG] │                    │
[DEBUG] │                    │
[DEBUG] │                    │
[DEBUG] │                    │
[DEBUG] │                    │
[DEBUG] │                    │
[DEBUG] ----------------------

[DEBUG] [ ] Informations sur le bloc :
[DEBUG]     - pos          x : 7 - y : 9)
[DEBUG]     - bloc id      0
[DEBUG]     - next bloc id 3
[DEBUG]     - shape
[][][][]
[DEBUG] Suppression de la ligne (9) - │      [][][][]      │
[DEBUG]     On veux supprimer  : [][][][]
[DEBUG]     On le remplace par : '        '
[DEBUG]     A la position x : 7 - y : 9
[DEBUG] Ajout de [][][][] à la ligne (10) - │                    │
[DEBUG] API tetris:
[DEBUG] next
[][]
[][]
[DEBUG] ----------------------
[DEBUG] │                    │
[DEBUG] │                    │
[DEBUG] │                    │
[DEBUG] │                    │
[DEBUG] │                    │
[DEBUG] │                    │
[DEBUG] │                    │
[DEBUG] │                    │
[DEBUG] │                    │
[DEBUG] │      [][][][]      │
[DEBUG] │                    │
[DEBUG] │                    │
[DEBUG] │                    │
[DEBUG] │                    │
[DEBUG] │                    │
[DEBUG] │                    │
[DEBUG] │                    │
[DEBUG] │                    │
[DEBUG] │                    │
[DEBUG] │                    │
[DEBUG] ----------------------

[DEBUG] [ ] Informations sur le bloc :
[DEBUG]     - pos          x : 7 - y : 10)
[DEBUG]     - bloc id      0
[DEBUG]     - next bloc id 3
[DEBUG]     - shape
[][][][]
[DEBUG] Suppression de la ligne (10) - │      [][][][]      │
[DEBUG]     On veux supprimer  : [][][][]
[DEBUG]     On le remplace par : '        '
[DEBUG]     A la position x : 7 - y : 10
[DEBUG] Ajout de [][][][] à la ligne (11) - │                    │
[DEBUG] API tetris:
[DEBUG] next
[][]
[][]
[DEBUG] ----------------------
[DEBUG] │                    │
[DEBUG] │                    │
[DEBUG] │                    │
[DEBUG] │                    │
[DEBUG] │                    │
[DEBUG] │                    │
[DEBUG] │                    │
[DEBUG] │                    │
[DEBUG] │                    │
[DEBUG] │                    │
[DEBUG] │      [][][][]      │
[DEBUG] │                    │
[DEBUG] │                    │
[DEBUG] │                    │
[DEBUG] │                    │
[DEBUG] │                    │
[DEBUG] │                    │
[DEBUG] │                    │
[DEBUG] │                    │
[DEBUG] │                    │
[DEBUG] ----------------------

[DEBUG] [ ] Informations sur le bloc :
[DEBUG]     - pos          x : 7 - y : 11)
[DEBUG]     - bloc id      0
[DEBUG]     - next bloc id 3
[DEBUG]     - shape
[][][][]
[DEBUG] Suppression de la ligne (11) - │      [][][][]      │
[DEBUG]     On veux supprimer  : [][][][]
[DEBUG]     On le remplace par : '        '
[DEBUG]     A la position x : 7 - y : 11
[DEBUG] Ajout de [][][][] à la ligne (12) - │                    │
[DEBUG] API tetris:
[DEBUG] next
[][]
[][]
[DEBUG] ----------------------
[DEBUG] │                    │
[DEBUG] │                    │
[DEBUG] │                    │
[DEBUG] │                    │
[DEBUG] │                    │
[DEBUG] │                    │
[DEBUG] │                    │
[DEBUG] │                    │
[DEBUG] │                    │
[DEBUG] │                    │
[DEBUG] │                    │
[DEBUG] │      [][][][]      │
[DEBUG] │                    │
[DEBUG] │                    │
[DEBUG] │                    │
[DEBUG] │                    │
[DEBUG] │                    │
[DEBUG] │                    │
[DEBUG] │                    │
[DEBUG] │                    │
[DEBUG] ----------------------

[DEBUG] [ ] Informations sur le bloc :
[DEBUG]     - pos          x : 7 - y : 12)
[DEBUG]     - bloc id      0
[DEBUG]     - next bloc id 3
[DEBUG]     - shape
[][][][]
[DEBUG] Suppression de la ligne (12) - │      [][][][]      │
[DEBUG]     On veux supprimer  : [][][][]
[DEBUG]     On le remplace par : '        '
[DEBUG]     A la position x : 7 - y : 12
[DEBUG] Ajout de [][][][] à la ligne (13) - │                    │
[DEBUG] API tetris:
[DEBUG] next
[][]
[][]
[DEBUG] ----------------------
[DEBUG] │                    │
[DEBUG] │                    │
[DEBUG] │                    │
[DEBUG] │                    │
[DEBUG] │                    │
[DEBUG] │                    │
[DEBUG] │                    │
[DEBUG] │                    │
[DEBUG] │                    │
[DEBUG] │                    │
[DEBUG] │                    │
[DEBUG] │                    │
[DEBUG] │      [][][][]      │
[DEBUG] │                    │
[DEBUG] │                    │
[DEBUG] │                    │
[DEBUG] │                    │
[DEBUG] │                    │
[DEBUG] │                    │
[DEBUG] │                    │
[DEBUG] ----------------------

[DEBUG] [ ] Informations sur le bloc :
[DEBUG]     - pos          x : 7 - y : 13)
[DEBUG]     - bloc id      0
[DEBUG]     - next bloc id 3
[DEBUG]     - shape
[][][][]
[DEBUG] Suppression de la ligne (13) - │      [][][][]      │
[DEBUG]     On veux supprimer  : [][][][]
[DEBUG]     On le remplace par : '        '
[DEBUG]     A la position x : 7 - y : 13
[DEBUG] Ajout de [][][][] à la ligne (14) - │                    │
[DEBUG] API tetris:
[DEBUG] next
[][]
[][]
[DEBUG] ----------------------
[DEBUG] │                    │
[DEBUG] │                    │
[DEBUG] │                    │
[DEBUG] │                    │
[DEBUG] │                    │
[DEBUG] │                    │
[DEBUG] │                    │
[DEBUG] │                    │
[DEBUG] │                    │
[DEBUG] │                    │
[DEBUG] │                    │
[DEBUG] │                    │
[DEBUG] │                    │
[DEBUG] │      [][][][]      │
[DEBUG] │                    │
[DEBUG] │                    │
[DEBUG] │                    │
[DEBUG] │                    │
[DEBUG] │                    │
[DEBUG] │                    │
[DEBUG] ----------------------

[DEBUG] [ ] Informations sur le bloc :
[DEBUG]     - pos          x : 7 - y : 14)
[DEBUG]     - bloc id      0
[DEBUG]     - next bloc id 3
[DEBUG]     - shape
[][][][]
[DEBUG] Suppression de la ligne (14) - │      [][][][]      │
[DEBUG]     On veux supprimer  : [][][][]
[DEBUG]     On le remplace par : '        '
[DEBUG]     A la position x : 7 - y : 14
[DEBUG] Ajout de [][][][] à la ligne (15) - │                    │
[DEBUG] API tetris:
[DEBUG] next
[][]
[][]
[DEBUG] ----------------------
[DEBUG] │                    │
[DEBUG] │                    │
[DEBUG] │                    │
[DEBUG] │                    │
[DEBUG] │                    │
[DEBUG] │                    │
[DEBUG] │                    │
[DEBUG] │                    │
[DEBUG] │                    │
[DEBUG] │                    │
[DEBUG] │                    │
[DEBUG] │                    │
[DEBUG] │                    │
[DEBUG] │                    │
[DEBUG] │      [][][][]      │
[DEBUG] │                    │
[DEBUG] │                    │
[DEBUG] │                    │
[DEBUG] │                    │
[DEBUG] │                    │
[DEBUG] ----------------------

[DEBUG] [ ] Informations sur le bloc :
[DEBUG]     - pos          x : 7 - y : 15)
[DEBUG]     - bloc id      0
[DEBUG]     - next bloc id 3
[DEBUG]     - shape
[][][][]
[DEBUG] Suppression de la ligne (15) - │      [][][][]      │
[DEBUG]     On veux supprimer  : [][][][]
[DEBUG]     On le remplace par : '        '
[DEBUG]     A la position x : 7 - y : 15
[DEBUG] Ajout de [][][][] à la ligne (16) - │                    │
[DEBUG] API tetris:
[DEBUG] next
[][]
[][]
[DEBUG] ----------------------
[DEBUG] │                    │
[DEBUG] │                    │
[DEBUG] │                    │
[DEBUG] │                    │
[DEBUG] │                    │
[DEBUG] │                    │
[DEBUG] │                    │
[DEBUG] │                    │
[DEBUG] │                    │
[DEBUG] │                    │
[DEBUG] │                    │
[DEBUG] │                    │
[DEBUG] │                    │
[DEBUG] │                    │
[DEBUG] │                    │
[DEBUG] │      [][][][]      │
[DEBUG] │                    │
[DEBUG] │                    │
[DEBUG] │                    │
[DEBUG] │                    │
[DEBUG] ----------------------

[DEBUG] [ ] Informations sur le bloc :
[DEBUG]     - pos          x : 7 - y : 16)
[DEBUG]     - bloc id      0
[DEBUG]     - next bloc id 3
[DEBUG]     - shape
[][][][]
[DEBUG] Suppression de la ligne (16) - │      [][][][]      │
[DEBUG]     On veux supprimer  : [][][][]
[DEBUG]     On le remplace par : '        '
[DEBUG]     A la position x : 7 - y : 16
[DEBUG] Ajout de [][][][] à la ligne (17) - │                    │
[DEBUG] API tetris:
[DEBUG] next
[][]
[][]
[DEBUG] ----------------------
[DEBUG] │                    │
[DEBUG] │                    │
[DEBUG] │                    │
[DEBUG] │                    │
[DEBUG] │                    │
[DEBUG] │                    │
[DEBUG] │                    │
[DEBUG] │                    │
[DEBUG] │                    │
[DEBUG] │                    │
[DEBUG] │                    │
[DEBUG] │                    │
[DEBUG] │                    │
[DEBUG] │                    │
[DEBUG] │                    │
[DEBUG] │                    │
[DEBUG] │      [][][][]      │
[DEBUG] │                    │
[DEBUG] │                    │
[DEBUG] │                    │
[DEBUG] ----------------------

[DEBUG] [ ] Informations sur le bloc :
[DEBUG]     - pos          x : 7 - y : 17)
[DEBUG]     - bloc id      0
[DEBUG]     - next bloc id 3
[DEBUG]     - shape
[][][][]
[DEBUG] Suppression de la ligne (17) - │      [][][][]      │
[DEBUG]     On veux supprimer  : [][][][]
[DEBUG]     On le remplace par : '        '
[DEBUG]     A la position x : 7 - y : 17
[DEBUG] Ajout de [][][][] à la ligne (18) - │                    │
[DEBUG] API tetris:
[DEBUG] next
[][]
[][]
[DEBUG] ----------------------
[DEBUG] │                    │
[DEBUG] │                    │
[DEBUG] │                    │
[DEBUG] │                    │
[DEBUG] │                    │
[DEBUG] │                    │
[DEBUG] │                    │
[DEBUG] │                    │
[DEBUG] │                    │
[DEBUG] │                    │
[DEBUG] │                    │
[DEBUG] │                    │
[DEBUG] │                    │
[DEBUG] │                    │
[DEBUG] │                    │
[DEBUG] │                    │
[DEBUG] │                    │
[DEBUG] │      [][][][]      │
[DEBUG] │                    │
[DEBUG] │                    │
[DEBUG] ----------------------

[DEBUG] [ ] Informations sur le bloc :
[DEBUG]     - pos          x : 7 - y : 18)
[DEBUG]     - bloc id      0
[DEBUG]     - next bloc id 3
[DEBUG]     - shape
[][][][]
[DEBUG] Suppression de la ligne (18) - │      [][][][]      │
[DEBUG]     On veux supprimer  : [][][][]
[DEBUG]     On le remplace par : '        '
[DEBUG]     A la position x : 7 - y : 18
[DEBUG] Ajout de [][][][] à la ligne (19) - │                    │
[DEBUG] API tetris:
[DEBUG] next
[][]
[][]
[DEBUG] ----------------------
[DEBUG] │                    │
[DEBUG] │                    │
[DEBUG] │                    │
[DEBUG] │                    │
[DEBUG] │                    │
[DEBUG] │                    │
[DEBUG] │                    │
[DEBUG] │                    │
[DEBUG] │                    │
[DEBUG] │                    │
[DEBUG] │                    │
[DEBUG] │                    │
[DEBUG] │                    │
[DEBUG] │                    │
[DEBUG] │                    │
[DEBUG] │                    │
[DEBUG] │                    │
[DEBUG] │                    │
[DEBUG] │      [][][][]      │
[DEBUG] │                    │
[DEBUG] ----------------------

[DEBUG] [ ] Informations sur le bloc :
[DEBUG]     - pos          x : 7 - y : 19)
[DEBUG]     - bloc id      0
[DEBUG]     - next bloc id 3
[DEBUG]     - shape
[][][][]
[DEBUG] Suppression de la ligne (19) - │      [][][][]      │
[DEBUG]     On veux supprimer  : [][][][]
[DEBUG]     On le remplace par : '        '
[DEBUG]     A la position x : 7 - y : 19
[DEBUG] Ajout de [][][][] à la ligne (20) - │                    │
[DEBUG] API tetris:
[DEBUG] next
[][]
[][]
[DEBUG] ----------------------
[DEBUG] │                    │
[DEBUG] │                    │
[DEBUG] │                    │
[DEBUG] │                    │
[DEBUG] │                    │
[DEBUG] │                    │
[DEBUG] │                    │
[DEBUG] │                    │
[DEBUG] │                    │
[DEBUG] │                    │
[DEBUG] │                    │
[DEBUG] │                    │
[DEBUG] │                    │
[DEBUG] │                    │
[DEBUG] │                    │
[DEBUG] │                    │
[DEBUG] │                    │
[DEBUG] │                    │
[DEBUG] │                    │
[DEBUG] │      [][][][]      │
[DEBUG] ----------------------

[DEBUG] ----------------------
[DEBUG] │      [][]          │
[DEBUG] │      [][]          │
[DEBUG] │                    │
[DEBUG] │                    │
[DEBUG] │                    │
[DEBUG] │                    │
[DEBUG] │                    │
[DEBUG] │                    │
[DEBUG] │                    │
[DEBUG] │                    │
[DEBUG] │                    │
[DEBUG] │                    │
[DEBUG] │                    │
[DEBUG] │                    │
[DEBUG] │                    │
[DEBUG] │                    │
[DEBUG] │                    │
[DEBUG] │                    │
[DEBUG] │                    │
[DEBUG] │      [][][][]      │
[DEBUG] ----------------------
[DEBUG] [ ] Informations spawn:
[DEBUG]     - shape
[][]
[][]
[DEBUG]     - next shape
  [][]
[][]
[DEBUG] [ ] Informations sur le bloc :
[DEBUG]     - pos          x : 7 - y : 1)
[DEBUG]     - bloc id      3
[DEBUG]     - next bloc id 4
[DEBUG]     - shape
[][]
[][]
[DEBUG] Suppression de la ligne (1) - │      [][]          │
[DEBUG]     On veux supprimer  : [][]
[DEBUG]     On le remplace par : '    '
[DEBUG]     A la position x : 7 - y : 1
[DEBUG] Suppression de la ligne (2) - │      [][]          │
[DEBUG]     On veux supprimer  : [][]
[DEBUG]     On le remplace par : '    '
[DEBUG]     A la position x : 7 - y : 2
[DEBUG] Ajout de [][] à la ligne (2) - │                    │
[DEBUG] Ajout de [][] à la ligne (3) - │                    │
[DEBUG] API tetris:
[DEBUG] next
  [][]
[][]
[DEBUG] ----------------------
[DEBUG] │                    │
[DEBUG] │      [][]          │
[DEBUG] │      [][]          │
[DEBUG] │                    │
[DEBUG] │                    │
[DEBUG] │                    │
[DEBUG] │                    │
[DEBUG] │                    │
[DEBUG] │                    │
[DEBUG] │                    │
[DEBUG] │                    │
[DEBUG] │                    │
[DEBUG] │                    │
[DEBUG] │                    │
[DEBUG] │                    │
[DEBUG] │                    │
[DEBUG] │                    │
[DEBUG] │                    │
[DEBUG] │                    │
[DEBUG] │      [][][][]      │
[DEBUG] ----------------------

[DEBUG] [ ] Informations sur le bloc :
[DEBUG]     - pos          x : 7 - y : 2)
[DEBUG]     - bloc id      3
[DEBUG]     - next bloc id 4
[DEBUG]     - shape
[][]
[][]
[DEBUG] Suppression de la ligne (2) - │      [][]          │
[DEBUG]     On veux supprimer  : [][]
[DEBUG]     On le remplace par : '    '
[DEBUG]     A la position x : 7 - y : 2
[DEBUG] Suppression de la ligne (3) - │      [][]          │
[DEBUG]     On veux supprimer  : [][]
[DEBUG]     On le remplace par : '    '
[DEBUG]     A la position x : 7 - y : 3
[DEBUG] Ajout de [][] à la ligne (3) - │                    │
[DEBUG] Ajout de [][] à la ligne (4) - │                    │
[DEBUG] API tetris:
[DEBUG] next
  [][]
[][]
[DEBUG] ----------------------
[DEBUG] │                    │
[DEBUG] │                    │
[DEBUG] │      [][]          │
[DEBUG] │      [][]          │
[DEBUG] │                    │
[DEBUG] │                    │
[DEBUG] │                    │
[DEBUG] │                    │
[DEBUG] │                    │
[DEBUG] │                    │
[DEBUG] │                    │
[DEBUG] │                    │
[DEBUG] │                    │
[DEBUG] │                    │
[DEBUG] │                    │
[DEBUG] │                    │
[DEBUG] │                    │
[DEBUG] │                    │
[DEBUG] │                    │
[DEBUG] │      [][][][]      │
[DEBUG] ----------------------

[DEBUG] [ ] Informations sur le bloc :
[DEBUG]     - pos          x : 7 - y : 3)
[DEBUG]     - bloc id      3
[DEBUG]     - next bloc id 4
[DEBUG]     - shape
[][]
[][]
[DEBUG] Suppression de la ligne (3) - │      [][]          │
[DEBUG]     On veux supprimer  : [][]
[DEBUG]     On le remplace par : '    '
[DEBUG]     A la position x : 7 - y : 3
[DEBUG] Suppression de la ligne (4) - │      [][]          │
[DEBUG]     On veux supprimer  : [][]
[DEBUG]     On le remplace par : '    '
[DEBUG]     A la position x : 7 - y : 4
[DEBUG] Ajout de [][] à la ligne (4) - │                    │
[DEBUG] Ajout de [][] à la ligne (5) - │                    │
[DEBUG] API tetris:
[DEBUG] next
  [][]
[][]
[DEBUG] ----------------------
[DEBUG] │                    │
[DEBUG] │                    │
[DEBUG] │                    │
[DEBUG] │      [][]          │
[DEBUG] │      [][]          │
[DEBUG] │                    │
[DEBUG] │                    │
[DEBUG] │                    │
[DEBUG] │                    │
[DEBUG] │                    │
[DEBUG] │                    │
[DEBUG] │                    │
[DEBUG] │                    │
[DEBUG] │                    │
[DEBUG] │                    │
[DEBUG] │                    │
[DEBUG] │                    │
[DEBUG] │                    │
[DEBUG] │                    │
[DEBUG] │      [][][][]      │
[DEBUG] ----------------------

[DEBUG] [ ] Informations sur le bloc :
[DEBUG]     - pos          x : 7 - y : 4)
[DEBUG]     - bloc id      3
[DEBUG]     - next bloc id 4
[DEBUG]     - shape
[][]
[][]
[DEBUG] Suppression de la ligne (4) - │      [][]          │
[DEBUG]     On veux supprimer  : [][]
[DEBUG]     On le remplace par : '    '
[DEBUG]     A la position x : 7 - y : 4
[DEBUG] Suppression de la ligne (5) - │      [][]          │
[DEBUG]     On veux supprimer  : [][]
[DEBUG]     On le remplace par : '    '
[DEBUG]     A la position x : 7 - y : 5
[DEBUG] Ajout de [][] à la ligne (5) - │                    │
[DEBUG] Ajout de [][] à la ligne (6) - │                    │
[DEBUG] API tetris:
[DEBUG] next
  [][]
[][]
[DEBUG] ----------------------
[DEBUG] │                    │
[DEBUG] │                    │
[DEBUG] │                    │
[DEBUG] │                    │
[DEBUG] │      [][]          │
[DEBUG] │      [][]          │
[DEBUG] │                    │
[DEBUG] │                    │
[DEBUG] │                    │
[DEBUG] │                    │
[DEBUG] │                    │
[DEBUG] │                    │
[DEBUG] │                    │
[DEBUG] │                    │
[DEBUG] │                    │
[DEBUG] │                    │
[DEBUG] │                    │
[DEBUG] │                    │
[DEBUG] │                    │
[DEBUG] │      [][][][]      │
[DEBUG] ----------------------

[DEBUG] [ ] Informations sur le bloc :
[DEBUG]     - pos          x : 7 - y : 5)
[DEBUG]     - bloc id      3
[DEBUG]     - next bloc id 4
[DEBUG]     - shape
[][]
[][]
[DEBUG] Suppression de la ligne (5) - │      [][]          │
[DEBUG]     On veux supprimer  : [][]
[DEBUG]     On le remplace par : '    '
[DEBUG]     A la position x : 7 - y : 5
[DEBUG] Suppression de la ligne (6) - │      [][]          │
[DEBUG]     On veux supprimer  : [][]
[DEBUG]     On le remplace par : '    '
[DEBUG]     A la position x : 7 - y : 6
[DEBUG] Ajout de [][] à la ligne (6) - │                    │
[DEBUG] Ajout de [][] à la ligne (7) - │                    │
[DEBUG] API tetris:
[DEBUG] next
  [][]
[][]
[DEBUG] ----------------------
[DEBUG] │                    │
[DEBUG] │                    │
[DEBUG] │                    │
[DEBUG] │                    │
[DEBUG] │                    │
[DEBUG] │      [][]          │
[DEBUG] │      [][]          │
[DEBUG] │                    │
[DEBUG] │                    │
[DEBUG] │                    │
[DEBUG] │                    │
[DEBUG] │                    │
[DEBUG] │                    │
[DEBUG] │                    │
[DEBUG] │                    │
[DEBUG] │                    │
[DEBUG] │                    │
[DEBUG] │                    │
[DEBUG] │                    │
[DEBUG] │      [][][][]      │
[DEBUG] ----------------------

[DEBUG] [ ] Informations sur le bloc :
[DEBUG]     - pos          x : 7 - y : 6)
[DEBUG]     - bloc id      3
[DEBUG]     - next bloc id 4
[DEBUG]     - shape
[][]
[][]
[DEBUG] Suppression de la ligne (6) - │      [][]          │
[DEBUG]     On veux supprimer  : [][]
[DEBUG]     On le remplace par : '    '
[DEBUG]     A la position x : 7 - y : 6
[DEBUG] Suppression de la ligne (7) - │      [][]          │
[DEBUG]     On veux supprimer  : [][]
[DEBUG]     On le remplace par : '    '
[DEBUG]     A la position x : 7 - y : 7
[DEBUG] Ajout de [][] à la ligne (7) - │                    │
[DEBUG] Ajout de [][] à la ligne (8) - │                    │
[DEBUG] API tetris:
[DEBUG] next
  [][]
[][]
[DEBUG] ----------------------
[DEBUG] │                    │
[DEBUG] │                    │
[DEBUG] │                    │
[DEBUG] │                    │
[DEBUG] │                    │
[DEBUG] │                    │
[DEBUG] │      [][]          │
[DEBUG] │      [][]          │
[DEBUG] │                    │
[DEBUG] │                    │
[DEBUG] │                    │
[DEBUG] │                    │
[DEBUG] │                    │
[DEBUG] │                    │
[DEBUG] │                    │
[DEBUG] │                    │
[DEBUG] │                    │
[DEBUG] │                    │
[DEBUG] │                    │
[DEBUG] │      [][][][]      │
[DEBUG] ----------------------

[DEBUG] [ ] Informations sur le bloc :
[DEBUG]     - pos          x : 7 - y : 7)
[DEBUG]     - bloc id      3
[DEBUG]     - next bloc id 4
[DEBUG]     - shape
[][]
[][]
[DEBUG] Suppression de la ligne (7) - │      [][]          │
[DEBUG]     On veux supprimer  : [][]
[DEBUG]     On le remplace par : '    '
[DEBUG]     A la position x : 7 - y : 7
[DEBUG] Suppression de la ligne (8) - │      [][]          │
[DEBUG]     On veux supprimer  : [][]
[DEBUG]     On le remplace par : '    '
[DEBUG]     A la position x : 7 - y : 8
[DEBUG] Ajout de [][] à la ligne (8) - │                    │
[DEBUG] Ajout de [][] à la ligne (9) - │                    │
[DEBUG] API tetris:
[DEBUG] next
  [][]
[][]
[DEBUG] ----------------------
[DEBUG] │                    │
[DEBUG] │                    │
[DEBUG] │                    │
[DEBUG] │                    │
[DEBUG] │                    │
[DEBUG] │                    │
[DEBUG] │                    │
[DEBUG] │      [][]          │
[DEBUG] │      [][]          │
[DEBUG] │                    │
[DEBUG] │                    │
[DEBUG] │                    │
[DEBUG] │                    │
[DEBUG] │                    │
[DEBUG] │                    │
[DEBUG] │                    │
[DEBUG] │                    │
[DEBUG] │                    │
[DEBUG] │                    │
[DEBUG] │      [][][][]      │
[DEBUG] ----------------------

[DEBUG] [ ] Informations sur le bloc :
[DEBUG]     - pos          x : 7 - y : 8)
[DEBUG]     - bloc id      3
[DEBUG]     - next bloc id 4
[DEBUG]     - shape
[][]
[][]
[DEBUG] Suppression de la ligne (8) - │      [][]          │
[DEBUG]     On veux supprimer  : [][]
[DEBUG]     On le remplace par : '    '
[DEBUG]     A la position x : 7 - y : 8
[DEBUG] Suppression de la ligne (9) - │      [][]          │
[DEBUG]     On veux supprimer  : [][]
[DEBUG]     On le remplace par : '    '
[DEBUG]     A la position x : 7 - y : 9
[DEBUG] Ajout de [][] à la ligne (9) - │                    │
[DEBUG] Ajout de [][] à la ligne (10) - │                    │
[DEBUG] API tetris:
[DEBUG] next
  [][]
[][]
[DEBUG] ----------------------
[DEBUG] │                    │
[DEBUG] │                    │
[DEBUG] │                    │
[DEBUG] │                    │
[DEBUG] │                    │
[DEBUG] │                    │
[DEBUG] │                    │
[DEBUG] │                    │
[DEBUG] │      [][]          │
[DEBUG] │      [][]          │
[DEBUG] │                    │
[DEBUG] │                    │
[DEBUG] │                    │
[DEBUG] │                    │
[DEBUG] │                    │
[DEBUG] │                    │
[DEBUG] │                    │
[DEBUG] │                    │
[DEBUG] │                    │
[DEBUG] │      [][][][]      │
[DEBUG] ----------------------

[DEBUG] [ ] Informations sur le bloc :
[DEBUG]     - pos          x : 7 - y : 9)
[DEBUG]     - bloc id      3
[DEBUG]     - next bloc id 4
[DEBUG]     - shape
[][]
[][]
[DEBUG] Suppression de la ligne (9) - │      [][]          │
[DEBUG]     On veux supprimer  : [][]
[DEBUG]     On le remplace par : '    '
[DEBUG]     A la position x : 7 - y : 9
[DEBUG] Suppression de la ligne (10) - │      [][]          │
[DEBUG]     On veux supprimer  : [][]
[DEBUG]     On le remplace par : '    '
[DEBUG]     A la position x : 7 - y : 10
[DEBUG] Ajout de [][] à la ligne (10) - │                    │
[DEBUG] Ajout de [][] à la ligne (11) - │                    │
[DEBUG] API tetris:
[DEBUG] next
  [][]
[][]
[DEBUG] ----------------------
[DEBUG] │                    │
[DEBUG] │                    │
[DEBUG] │                    │
[DEBUG] │                    │
[DEBUG] │                    │
[DEBUG] │                    │
[DEBUG] │                    │
[DEBUG] │                    │
[DEBUG] │                    │
[DEBUG] │      [][]          │
[DEBUG] │      [][]          │
[DEBUG] │                    │
[DEBUG] │                    │
[DEBUG] │                    │
[DEBUG] │                    │
[DEBUG] │                    │
[DEBUG] │                    │
[DEBUG] │                    │
[DEBUG] │                    │
[DEBUG] │      [][][][]      │
[DEBUG] ----------------------

[DEBUG] [ ] Informations sur le bloc :
[DEBUG]     - pos          x : 7 - y : 10)
[DEBUG]     - bloc id      3
[DEBUG]     - next bloc id 4
[DEBUG]     - shape
[][]
[][]
[DEBUG] Suppression de la ligne (10) - │      [][]          │
[DEBUG]     On veux supprimer  : [][]
[DEBUG]     On le remplace par : '    '
[DEBUG]     A la position x : 7 - y : 10
[DEBUG] Suppression de la ligne (11) - │      [][]          │
[DEBUG]     On veux supprimer  : [][]
[DEBUG]     On le remplace par : '    '
[DEBUG]     A la position x : 7 - y : 11
[DEBUG] Ajout de [][] à la ligne (11) - │                    │
[DEBUG] Ajout de [][] à la ligne (12) - │                    │
[DEBUG] API tetris:
[DEBUG] next
  [][]
[][]
[DEBUG] ----------------------
[DEBUG] │                    │
[DEBUG] │                    │
[DEBUG] │                    │
[DEBUG] │                    │
[DEBUG] │                    │
[DEBUG] │                    │
[DEBUG] │                    │
[DEBUG] │                    │
[DEBUG] │                    │
[DEBUG] │                    │
[DEBUG] │      [][]          │
[DEBUG] │      [][]          │
[DEBUG] │                    │
[DEBUG] │                    │
[DEBUG] │                    │
[DEBUG] │                    │
[DEBUG] │                    │
[DEBUG] │                    │
[DEBUG] │                    │
[DEBUG] │      [][][][]      │
[DEBUG] ----------------------

[DEBUG] [ ] Informations sur le bloc :
[DEBUG]     - pos          x : 7 - y : 11)
[DEBUG]     - bloc id      3
[DEBUG]     - next bloc id 4
[DEBUG]     - shape
[][]
[][]
[DEBUG] Suppression de la ligne (11) - │      [][]          │
[DEBUG]     On veux supprimer  : [][]
[DEBUG]     On le remplace par : '    '
[DEBUG]     A la position x : 7 - y : 11
[DEBUG] Suppression de la ligne (12) - │      [][]          │
[DEBUG]     On veux supprimer  : [][]
[DEBUG]     On le remplace par : '    '
[DEBUG]     A la position x : 7 - y : 12
[DEBUG] Ajout de [][] à la ligne (12) - │                    │
[DEBUG] Ajout de [][] à la ligne (13) - │                    │
[DEBUG] API tetris:
[DEBUG] next
  [][]
[][]
[DEBUG] ----------------------
[DEBUG] │                    │
[DEBUG] │                    │
[DEBUG] │                    │
[DEBUG] │                    │
[DEBUG] │                    │
[DEBUG] │                    │
[DEBUG] │                    │
[DEBUG] │                    │
[DEBUG] │                    │
[DEBUG] │                    │
[DEBUG] │                    │
[DEBUG] │      [][]          │
[DEBUG] │      [][]          │
[DEBUG] │                    │
[DEBUG] │                    │
[DEBUG] │                    │
[DEBUG] │                    │
[DEBUG] │                    │
[DEBUG] │                    │
[DEBUG] │      [][][][]      │
[DEBUG] ----------------------

[DEBUG] [ ] Informations sur le bloc :
[DEBUG]     - pos          x : 7 - y : 12)
[DEBUG]     - bloc id      3
[DEBUG]     - next bloc id 4
[DEBUG]     - shape
[][]
[][]
[DEBUG] Suppression de la ligne (12) - │      [][]          │
[DEBUG]     On veux supprimer  : [][]
[DEBUG]     On le remplace par : '    '
[DEBUG]     A la position x : 7 - y : 12
[DEBUG] Suppression de la ligne (13) - │      [][]          │
[DEBUG]     On veux supprimer  : [][]
[DEBUG]     On le remplace par : '    '
[DEBUG]     A la position x : 7 - y : 13
[DEBUG] Ajout de [][] à la ligne (13) - │                    │
[DEBUG] Ajout de [][] à la ligne (14) - │                    │
[DEBUG] API tetris:
[DEBUG] next
  [][]
[][]
[DEBUG] ----------------------
[DEBUG] │                    │
[DEBUG] │                    │
[DEBUG] │                    │
[DEBUG] │                    │
[DEBUG] │                    │
[DEBUG] │                    │
[DEBUG] │                    │
[DEBUG] │                    │
[DEBUG] │                    │
[DEBUG] │                    │
[DEBUG] │                    │
[DEBUG] │                    │
[DEBUG] │      [][]          │
[DEBUG] │      [][]          │
[DEBUG] │                    │
[DEBUG] │                    │
[DEBUG] │                    │
[DEBUG] │                    │
[DEBUG] │                    │
[DEBUG] │      [][][][]      │
[DEBUG] ----------------------

[DEBUG] [ ] Informations sur le bloc :
[DEBUG]     - pos          x : 7 - y : 13)
[DEBUG]     - bloc id      3
[DEBUG]     - next bloc id 4
[DEBUG]     - shape
[][]
[][]
[DEBUG] Suppression de la ligne (13) - │      [][]          │
[DEBUG]     On veux supprimer  : [][]
[DEBUG]     On le remplace par : '    '
[DEBUG]     A la position x : 7 - y : 13
[DEBUG] Suppression de la ligne (14) - │      [][]          │
[DEBUG]     On veux supprimer  : [][]
[DEBUG]     On le remplace par : '    '
[DEBUG]     A la position x : 7 - y : 14
[DEBUG] Ajout de [][] à la ligne (14) - │                    │
[DEBUG] Ajout de [][] à la ligne (15) - │                    │
[DEBUG] API tetris:
[DEBUG] next
  [][]
[][]
[DEBUG] ----------------------
[DEBUG] │                    │
[DEBUG] │                    │
[DEBUG] │                    │
[DEBUG] │                    │
[DEBUG] │                    │
[DEBUG] │                    │
[DEBUG] │                    │
[DEBUG] │                    │
[DEBUG] │                    │
[DEBUG] │                    │
[DEBUG] │                    │
[DEBUG] │                    │
[DEBUG] │                    │
[DEBUG] │      [][]          │
[DEBUG] │      [][]          │
[DEBUG] │                    │
[DEBUG] │                    │
[DEBUG] │                    │
[DEBUG] │                    │
[DEBUG] │      [][][][]      │
[DEBUG] ----------------------

[DEBUG] [ ] Informations sur le bloc :
[DEBUG]     - pos          x : 7 - y : 14)
[DEBUG]     - bloc id      3
[DEBUG]     - next bloc id 4
[DEBUG]     - shape
[][]
[][]
[DEBUG] Suppression de la ligne (14) - │      [][]          │
[DEBUG]     On veux supprimer  : [][]
[DEBUG]     On le remplace par : '    '
[DEBUG]     A la position x : 7 - y : 14
[DEBUG] Suppression de la ligne (15) - │      [][]          │
[DEBUG]     On veux supprimer  : [][]
[DEBUG]     On le remplace par : '    '
[DEBUG]     A la position x : 7 - y : 15
[DEBUG] Ajout de [][] à la ligne (15) - │                    │
[DEBUG] Ajout de [][] à la ligne (16) - │                    │
[DEBUG] API tetris:
[DEBUG] next
  [][]
[][]
[DEBUG] ----------------------
[DEBUG] │                    │
[DEBUG] │                    │
[DEBUG] │                    │
[DEBUG] │                    │
[DEBUG] │                    │
[DEBUG] │                    │
[DEBUG] │                    │
[DEBUG] │                    │
[DEBUG] │                    │
[DEBUG] │                    │
[DEBUG] │                    │
[DEBUG] │                    │
[DEBUG] │                    │
[DEBUG] │                    │
[DEBUG] │      [][]          │
[DEBUG] │      [][]          │
[DEBUG] │                    │
[DEBUG] │                    │
[DEBUG] │                    │
[DEBUG] │      [][][][]      │
[DEBUG] ----------------------

[DEBUG] [ ] Informations sur le bloc :
[DEBUG]     - pos          x : 7 - y : 15)
[DEBUG]     - bloc id      3
[DEBUG]     - next bloc id 4
[DEBUG]     - shape
[][]
[][]
[DEBUG] Suppression de la ligne (15) - │      [][]          │
[DEBUG]     On veux supprimer  : [][]
[DEBUG]     On le remplace par : '    '
[DEBUG]     A la position x : 7 - y : 15
[DEBUG] Suppression de la ligne (16) - │      [][]          │
[DEBUG]     On veux supprimer  : [][]
[DEBUG]     On le remplace par : '    '
[DEBUG]     A la position x : 7 - y : 16
[DEBUG] Ajout de [][] à la ligne (16) - │                    │
[DEBUG] Ajout de [][] à la ligne (17) - │                    │
[DEBUG] API tetris:
[DEBUG] next
  [][]
[][]
[DEBUG] ----------------------
[DEBUG] │                    │
[DEBUG] │                    │
[DEBUG] │                    │
[DEBUG] │                    │
[DEBUG] │                    │
[DEBUG] │                    │
[DEBUG] │                    │
[DEBUG] │                    │
[DEBUG] │                    │
[DEBUG] │                    │
[DEBUG] │                    │
[DEBUG] │                    │
[DEBUG] │                    │
[DEBUG] │                    │
[DEBUG] │                    │
[DEBUG] │      [][]          │
[DEBUG] │      [][]          │
[DEBUG] │                    │
[DEBUG] │                    │
[DEBUG] │      [][][][]      │
[DEBUG] ----------------------

[DEBUG] [ ] Informations sur le bloc :
[DEBUG]     - pos          x : 7 - y : 16)
[DEBUG]     - bloc id      3
[DEBUG]     - next bloc id 4
[DEBUG]     - shape
[][]
[][]
[DEBUG] Suppression de la ligne (16) - │      [][]          │
[DEBUG]     On veux supprimer  : [][]
[DEBUG]     On le remplace par : '    '
[DEBUG]     A la position x : 7 - y : 16
[DEBUG] Suppression de la ligne (17) - │      [][]          │
[DEBUG]     On veux supprimer  : [][]
[DEBUG]     On le remplace par : '    '
[DEBUG]     A la position x : 7 - y : 17
[DEBUG] Ajout de [][] à la ligne (17) - │                    │
[DEBUG] Ajout de [][] à la ligne (18) - │                    │
[DEBUG] API tetris:
[DEBUG] next
  [][]
[][]
[DEBUG] ----------------------
[DEBUG] │                    │
[DEBUG] │                    │
[DEBUG] │                    │
[DEBUG] │                    │
[DEBUG] │                    │
[DEBUG] │                    │
[DEBUG] │                    │
[DEBUG] │                    │
[DEBUG] │                    │
[DEBUG] │                    │
[DEBUG] │                    │
[DEBUG] │                    │
[DEBUG] │                    │
[DEBUG] │                    │
[DEBUG] │                    │
[DEBUG] │                    │
[DEBUG] │      [][]          │
[DEBUG] │      [][]          │
[DEBUG] │                    │
[DEBUG] │      [][][][]      │
[DEBUG] ----------------------

[DEBUG] [ ] Informations sur le bloc :
[DEBUG]     - pos          x : 7 - y : 17)
[DEBUG]     - bloc id      3
[DEBUG]     - next bloc id 4
[DEBUG]     - shape
[][]
[][]
[DEBUG] Suppression de la ligne (17) - │      [][]          │
[DEBUG]     On veux supprimer  : [][]
[DEBUG]     On le remplace par : '    '
[DEBUG]     A la position x : 7 - y : 17
[DEBUG] Suppression de la ligne (18) - │      [][]          │
[DEBUG]     On veux supprimer  : [][]
[DEBUG]     On le remplace par : '    '
[DEBUG]     A la position x : 7 - y : 18
[DEBUG] Ajout de [][] à la ligne (18) - │                    │
[DEBUG] Ajout de [][] à la ligne (19) - │                    │
[DEBUG] API tetris:
[DEBUG] next
  [][]
[][]
[DEBUG] ----------------------
[DEBUG] │                    │
[DEBUG] │                    │
[DEBUG] │                    │
[DEBUG] │                    │
[DEBUG] │                    │
[DEBUG] │                    │
[DEBUG] │                    │
[DEBUG] │                    │
[DEBUG] │                    │
[DEBUG] │                    │
[DEBUG] │                    │
[DEBUG] │                    │
[DEBUG] │                    │
[DEBUG] │                    │
[DEBUG] │                    │
[DEBUG] │                    │
[DEBUG] │                    │
[DEBUG] │      [][]          │
[DEBUG] │      [][]          │
[DEBUG] │      [][][][]      │
[DEBUG] ----------------------

[DEBUG] [ ] Informations sur le bloc :
[DEBUG]     - pos          x : 7 - y : 18)
[DEBUG]     - bloc id      3
[DEBUG]     - next bloc id 4
[DEBUG]     - shape
[][]
[][]
[DEBUG] Suppression de la ligne (18) - │      [][]          │
[DEBUG]     On veux supprimer  : [][]
[DEBUG]     On le remplace par : '    '
[DEBUG]     A la position x : 7 - y : 18
[DEBUG] Suppression de la ligne (19) - │      [][]          │
[DEBUG]     On veux supprimer  : [][]
[DEBUG]     On le remplace par : '    '
[DEBUG]     A la position x : 7 - y : 19
[DEBUG] Ajout de [][] à la ligne (19) - │                    │
[DEBUG] Ajout de [][] à la ligne (20) - │      [][][][]      │
[DEBUG] API tetris:
[DEBUG] next
  [][]
[][]
[DEBUG] ----------------------
[DEBUG] │                    │
[DEBUG] │                    │
[DEBUG] │                    │
[DEBUG] │                    │
[DEBUG] │                    │
[DEBUG] │                    │
[DEBUG] │                    │
[DEBUG] │                    │
[DEBUG] │                    │
[DEBUG] │                    │
[DEBUG] │                    │
[DEBUG] │                    │
[DEBUG] │                    │
[DEBUG] │                    │
[DEBUG] │                    │
[DEBUG] │                    │
[DEBUG] │                    │
[DEBUG] │                    │
[DEBUG] │      [][]          │
[DEBUG] │      [][][][]      │
[DEBUG] ----------------------

